<?xml version="1.0" encoding="UTF-8"?>
<!-- Generated by org.testng.reporters.JUnitXMLReporter -->
<testsuite ignored="0" hostname="DESKTOP-ETI1AMJ" failures="0" tests="1" name="Test-Runner2" time="17.247" errors="0" timestamp="2024-10-29T20:28:49 IST">
  <testcase classname="products.AddProductToCartTest" name="tc_001_AddSingleProductToCartTest" time="6.089"/>
</testsuite> <!-- Test-Runner2 -->
