<?xml version="1.0" encoding="UTF-8"?>
<!-- Generated by org.testng.reporters.JUnitXMLReporter -->
<testsuite ignored="0" hostname="DESKTOP-ETI1AMJ" failures="0" tests="1" name="Test-Runner-Firefox" time="10.29" errors="0" timestamp="2024-11-14T14:17:12 IST">
  <testcase classname="products.RemoveProductTest" name="sample" time="0.002"/>
</testsuite> <!-- Test-Runner-Firefox -->
