<?xml version="1.0" encoding="UTF-8"?>
<!-- Generated by org.testng.reporters.JUnitXMLReporter -->
<testsuite ignored="0" hostname="DESKTOP-ETI1AMJ" failures="0" tests="1" name="Test-Runner2" time="14.697" errors="0" timestamp="2024-11-16T19:47:49 IST">
  <testcase classname="products.AddProductToCartTest" name="tc_001_AddSingleProductToCartTest" time="5.295"/>
</testsuite> <!-- Test-Runner2 -->
