<?xml version="1.0" encoding="UTF-8"?>
<!-- Generated by org.testng.reporters.JUnitXMLReporter -->
<testsuite ignored="0" hostname="DESKTOP-ETI1AMJ" failures="0" tests="1" name="Test-Runner1" time="10.856" errors="0" timestamp="2024-10-29T20:28:42 IST">
  <testcase classname="products.RemoveProductTest" name="sample" time="0.021"/>
</testsuite> <!-- Test-Runner1 -->
