<?xml version="1.0" encoding="UTF-8"?>
<!-- Generated by org.testng.reporters.JUnitReportReporter -->
<testsuite hostname="DESKTOP-ETI1AMJ" failures="0" tests="1" name="practice.TestNGPractice" time="0.008" errors="0" timestamp="2024-11-05T20:52:14 IST" skipped="0">
  <testcase classname="practice.TestNGPractice" name="sampleTest" time="0.008"/>
  <system-out/>
</testsuite> <!-- practice.TestNGPractice -->
