<?xml version="1.0" encoding="UTF-8"?>
<!-- Generated by org.testng.reporters.JUnitReportReporter -->
<testsuite hostname="DESKTOP-ETI1AMJ" failures="0" tests="1" name="products.AddProductToCartTest" time="5.399" errors="0" timestamp="2024-11-16T16:56:55 IST" skipped="0">
  <testcase classname="products.AddProductToCartTest" name="tc_001_AddSingleProductToCartTest" time="5.399"/>
  <system-out/>
</testsuite> <!-- products.AddProductToCartTest -->
