<?xml version="1.0" encoding="UTF-8"?>
<!-- Generated by org.testng.reporters.JUnitReportReporter -->
<testsuite hostname="DESKTOP-ETI1AMJ" failures="0" tests="1" name="products.tc_002_RemoveProductTest" time="0.838" errors="0" timestamp="2024-11-08T23:54:22 IST" skipped="0">
  <testcase classname="products.tc_002_RemoveProductTest" name="sample" time="0.838"/>
  <system-out/>
</testsuite> <!-- products.tc_002_RemoveProductTest -->
