<?xml version="1.0" encoding="UTF-8"?>
<!-- Generated by org.testng.reporters.JUnitReportReporter -->
<testsuite hostname="DESKTOP-ETI1AMJ" failures="0" tests="1" name="products.RemoveProductTest" time="0.533" errors="0" timestamp="2024-11-16T16:40:18 IST" skipped="0">
  <testcase classname="products.RemoveProductTest" name="sample" time="0.533"/>
  <system-out/>
</testsuite> <!-- products.RemoveProductTest -->
