<?xml version="1.0" encoding="UTF-8"?>
<!-- Generated by org.testng.reporters.JUnitReportReporter -->
<testsuite hostname="DESKTOP-ETI1AMJ" failures="0" tests="2" name="practice.AssertionsPractice" time="0.021" errors="0" timestamp="2024-10-29T11:41:14 IST" skipped="0">
  <testcase classname="practice.AssertionsPractice" name="Sample" time="0.015"/>
  <system-out/>
  <testcase classname="practice.AssertionsPractice" name="sample1" time="0.006"/>
  <system-out/>
</testsuite> <!-- practice.AssertionsPractice -->
