<?xml version="1.0" encoding="UTF-8"?>
<!-- Generated by org.testng.reporters.JUnitReportReporter -->
<testsuite hostname="DESKTOP-ETI1AMJ" failures="0" tests="1" name="products.AddProductToCart" time="23.806" errors="0" timestamp="2024-10-28T19:50:38 IST" skipped="0">
  <testcase classname="products.AddProductToCart" name="tc_001_AddSingleProductToCartTest" time="23.806"/>
  <system-out/>
</testsuite> <!-- products.AddProductToCart -->
