<?xml version="1.0" encoding="UTF-8"?>
<!-- Generated by org.testng.reporters.JUnitReportReporter -->
<testsuite hostname="DESKTOP-ETI1AMJ" failures="0" tests="1" name="practice.Test1" time="16.662" errors="0" timestamp="2024-11-16T17:09:16 IST" skipped="0">
  <testcase classname="practice.Test1" name="Test" time="16.662"/>
  <system-out/>
</testsuite> <!-- practice.Test1 -->
