<?xml version="1.0" encoding="UTF-8"?>
<!-- Generated by org.testng.reporters.JUnitReportReporter -->
<testsuite hostname="DESKTOP-ETI1AMJ" failures="0" tests="1" name="practice.RetryAnalyserPractice" time="0.012" errors="0" timestamp="2024-11-07T20:27:50 IST" skipped="0">
  <testcase classname="practice.RetryAnalyserPractice" name="sample" time="0.012"/>
  <system-out/>
</testsuite> <!-- practice.RetryAnalyserPractice -->
