<?xml version="1.0" encoding="UTF-8"?>
<!-- Generated by org.testng.reporters.JUnitReportReporter -->
<testsuite hostname="DESKTOP-ETI1AMJ" failures="0" tests="2" name="products.RemoveProductTest" time="2.088" errors="0" timestamp="2024-11-14T14:17:12 IST" skipped="0">
  <testcase classname="products.RemoveProductTest" name="sample" time="0.515"/>
  <system-out/>
  <testcase classname="products.RemoveProductTest" name="sample" time="1.573"/>
  <system-out/>
</testsuite> <!-- products.RemoveProductTest -->
